 24/9/2020| 15:59:58: 'd'
 24/9/2020| 15:59:59: Key.enter
 24/9/2020| 16:0:0: 's'
 24/9/2020| 16:0:0: Key.enter
 24/9/2020| 16:0:0: 's'
 24/9/2020| 16:0:1: Key.enter
9/2020| 15:59:33: 'l'
 24/9/2020| 15:59:33: 's'
 24/9/2020| 15:59:34: Key.space
 24/9/2020| 15:59:34: '-'
 24/9/2020| 15:59:34: 'l'
 24/9/2020| 15:59:34: Key.enter
 24/9/2020| 15:59:36: Key.shift_r
 24/9/2020| 15:59:37: 'm'
 24/9/2020| 15:59:37: 'o'
 24/9/2020| 15:59:37: 'r'
 24/9/2020| 15:59:37: 'e'
 24/9/2020| 15:59:38: Key.space
 24/9/2020| 15:59:38: 'k'
 24/9/2020| 15:59:38: 'e'
 24/9/2020| 15:59:38: 'y'
 24/9/2020| 15:59:38: Key.tab
 24/9/2020| 15:59:39: '.'
 24/9/2020| 15:59:39: Key.tab
 24/9/2020| 15:59:39: Key.enter
 24/9/2020| 15:59:45: 's'
 24/9/2020| 15:59:45: 'u'
 24/9/2020| 15:59:45: 'd'
 24/9/2020| 15:59:45: 'o'
 24/9/2020| 15:59:45: Key.space
 24/9/2020| 15:59:45: 'r'
 24/9/2020| 15:59:45: 'm'
 24/9/2020| 15:59:46: Key.space
 24/9/2020| 15:59:46: '-'
 24/9/2020| 15:59:46: 'r'
 24/9/2020| 15:59:46: 'f'
 24/9/2020| 15:59:46: Key.space
 24/9/2020| 15:59:46: 'k'
 24/9/2020| 15:59:47: 'e'
 24/9/2020| 15:59:47: 'y'
 24/9/2020| 15:59:47: Key.tab
 24/9/2020| 15:59:47: '.'
 24/9/2020| 15:59:47: Key.tab
 24/9/2020| 15:59:48: Key.enter
 24/9/2020| 15:59:51: 'p'
 24/9/2020| 15:59:51: 'y'
 24/9/2020| 15:59:51: 't'
 24/9/2020| 15:59:51: 'o'
 24/9/2020| 15:59:51: 'n'
 24/9/2020| 15:59:52: Key.backspace
 24/9/2020| 15:59:52: Key.backspace
 24/9/2020| 15:59:52: 'h'
 24/9/2020| 15:59:52: 'o'
 24/9/2020| 15:59:52: 'n'
 24/9/2020| 15:59:52: '3'
 24/9/2020| 15:59:53: Key.space
 24/9/2020| 15:59:53: 'k'
 24/9/2020| 15:59:53: 'e'
 24/9/2020| 15:59:54: Key.tab
 24/9/2020| 15:59:54: Key.shift_r
 24/9/2020| 15:59:55: '>'
 24/9/2020| 15:59:55: Key.space
 24/9/2020| 15:59:55: 'l'
 24/9/2020| 15:59:55: 'o'
 24/9/2020| 15:59:55: 'g'
 24/9/2020| 15:59:56: 's'
 24/9/2020| 15:59:56: '.'
 24/9/2020| 15:59:56: 'l'
 24/9/2020| 15:59:57: 'o'
 24/9/2020| 15:59:57: 'g'
 24/9/2020| 15:59:57: Key.enter
 24/9/2020| 15:59:58: 'd'
 24/9/2020| 15:59:59: Key.enter
 24/9/2020| 16:0:0: 's'
 24/9/2020| 16:0:0: Key.enter
 24/9/2020| 16:0:0: 's'
 24/9/2020| 16:0:1: Key.enter
/9/2020| 15:59:45: 'u'
 24/9/2020| 15:59:45: 'd'
 24/9/2020| 15:59:45: 'o'
 24/9/2020| 15:59:45: Key.space
 24/9/2020| 15:59:45: 'r'
 24/9/2020| 15:59:45: 'm'
 24/9/2020| 15:59:46: Key.space
 24/9/2020| 15:59:46: '-'
 24/9/2020| 15:59:46: 'r'
 24/9/2020| 15:59:46: 'f'
 24/9/2020| 15:59:46: Key.space
 24/9/2020| 15:59:46: 'k'
 24/9/2020| 15:59:47: 'e'
 24/9/2020| 15:59:47: 'y'
 24/9/2020| 15:59:47: Key.tab
 24/9/2020| 15:59:47: '.'
 24/9/2020| 15:59:47: Key.tab
 24/9/2020| 15:59:48: Key.enter
 24/9/2020| 15:59:51: 'p'
 24/9/2020| 15:59:51: 'y'
 24/9/2020| 15:59:51: 't'
 24/9/2020| 15:59:51: 'o'
 24/9/2020| 15:59:51: 'n'
 24/9/2020| 15:59:52: Key.backspace
 24/9/2020| 15:59:52: Key.backspace
 24/9/2020| 15:59:52: 'h'
 24/9/2020| 15:59:52: 'o'
 24/9/2020| 15:59:52: 'n'
 24/9/2020| 15:59:52: '3'
 24/9/2020| 15:59:53: Key.space
 24/9/2020| 15:59:53: 'k'
 24/9/2020| 15:59:53: 'e'
 24/9/2020| 15:59:54: Key.tab
 24/9/2020| 15:59:54: Key.shift_r
 24/9/2020| 15:59:55: '>'
 24/9/2020| 15:59:55: Key.space
 24/9/2020| 15:59:55: 'l'
 24/9/2020| 15:59:55: 'o'
 24/9/2020| 15:59:55: 'g'
 24/9/2020| 15:59:56: 's'
 24/9/2020| 15:59:56: '.'
 24/9/2020| 15:59:56: 'l'
 24/9/2020| 15:59:57: 'o'
 24/9/2020| 15:59:57: 'g'
 24/9/2020| 15:59:57: Key.enter
 24/9/2020| 15:59:58: 'd'
 24/9/2020| 15:59:59: Key.enter
 24/9/2020| 16:0:0: 's'
 24/9/2020| 16:0:0: Key.enter
 24/9/2020| 16:0:0: 's'
 24/9/2020| 16:0:1: Key.enter
5:59:55: '>'
 24/9/2020| 15:59:55: Key.space
 24/9/2020| 15:59:55: 'l'
 24/9/2020| 15:59:55: 'o'
 24/9/2020| 15:59:55: 'g'
 24/9/2020| 15:59:56: 's'
 24/9/2020| 15:59:56: '.'
 24/9/2020| 15:59:56: 'l'
 24/9/2020| 15:59:57: 'o'
 24/9/2020| 15:59:57: 'g'
 24/9/2020| 15:59:57: Key.enter
 24/9/2020| 15:59:58: 'd'
 24/9/2020| 15:59:59: Key.enter
 24/9/2020| 16:0:0: 's'
 24/9/2020| 16:0:0: Key.enter
 24/9/2020| 16:0:0: 's'
 24/9/2020| 16:0:1: Key.enter
